STAR version=STAR_2.5.1b
STAR compilation time,server,dir=Mon Sep 5 22:37:25 EDT 2016 :/Users/socci/Compgen2016/src/star/STAR-2.5.1b/source
##### DEFAULT parameters:
versionSTAR                       20201
versionGenome                     20101   20200   
parametersFiles                   -   
sysShell                          -
runMode                           alignReads
runThreadN                        1
runDirPerm                        User_RWX
runRNGseed                        777
genomeDir                         ./GenomeDir/
genomeLoad                        NoSharedMemory
genomeFastaFiles                  -   
genomeSAindexNbases               14
genomeChrBinNbits                 18
genomeSAsparseD                   1
genomeSuffixLengthMax             18446744073709551615
readFilesIn                       Read1   Read2   
readFilesCommand                  -   
readMatesLengthsIn                NotEqual
readMapNumber                     18446744073709551615
readNameSeparator                 /   
inputBAMfile                      -
bamRemoveDuplicatesType           -
bamRemoveDuplicatesMate2basesN    0
limitGenomeGenerateRAM            31000000000
limitIObufferSize                 150000000
limitOutSAMoneReadBytes           100000
limitOutSJcollapsed               1000000
limitOutSJoneRead                 1000
limitBAMsortRAM                   0
limitSjdbInsertNsj                1000000
outFileNamePrefix                 ./
outTmpDir                         -
outStd                            Log
outReadsUnmapped                  None
outQSconversionAdd                0
outMultimapperOrder               Old_2.4
outSAMtype                        SAM   
outSAMmode                        Full
outSAMstrandField                 None
outSAMattributes                  Standard   
outSAMunmapped                    None   
outSAMorder                       Paired
outSAMprimaryFlag                 OneBestScore
outSAMreadID                      Standard
outSAMmapqUnique                  255
outSAMflagOR                      0
outSAMflagAND                     65535
outSAMattrRGline                  -   
outSAMheaderHD                    -   
outSAMheaderPG                    -   
outSAMheaderCommentFile           -
outBAMcompression                 1
outBAMsortingThreadN              0
outSAMfilter                      None   
outSAMmultNmax                    18446744073709551615
outSAMattrIHstart                 1
outSJfilterReads                  All
outSJfilterCountUniqueMin         3   1   1   1   
outSJfilterCountTotalMin          3   1   1   1   
outSJfilterOverhangMin            30   12   12   12   
outSJfilterDistToOtherSJmin       10   0   5   10   
outSJfilterIntronMaxVsReadN       50000   100000   200000   
outWigType                        None   
outWigStrand                      Stranded   
outWigReferencesPrefix            -
outWigNorm                        RPM   
outFilterType                     Normal
outFilterMultimapNmax             10
outFilterMultimapScoreRange       1
outFilterScoreMin                 0
outFilterScoreMinOverLread        0.66
outFilterMatchNmin                0
outFilterMatchNminOverLread       0.66
outFilterMismatchNmax             10
outFilterMismatchNoverLmax        0.3
outFilterMismatchNoverReadLmax    1
outFilterIntronMotifs             None
clip5pNbases                      0   
clip3pNbases                      0   
clip3pAfterAdapterNbases          0   
clip3pAdapterSeq                  -   
clip3pAdapterMMp                  0.1   
winBinNbits                       16
winAnchorDistNbins                9
winFlankNbins                     4
winAnchorMultimapNmax             50
scoreGap                          0
scoreGapNoncan                    -8
scoreGapGCAG                      -4
scoreGapATAC                      -8
scoreStitchSJshift                1
scoreGenomicLengthLog2scale       -0.25
scoreDelBase                      -2
scoreDelOpen                      -2
scoreInsOpen                      -2
scoreInsBase                      -2
seedSearchLmax                    0
seedSearchStartLmax               50
seedSearchStartLmaxOverLread      1
seedPerReadNmax                   1000
seedPerWindowNmax                 50
seedNoneLociPerWindow             10
seedMultimapNmax                  10000
alignIntronMin                    21
alignIntronMax                    0
alignMatesGapMax                  0
alignTranscriptsPerReadNmax       10000
alignSJoverhangMin                5
alignSJDBoverhangMin              3
alignSJstitchMismatchNmax         0   -1   0   0   
alignSplicedMateMapLmin           0
alignSplicedMateMapLminOverLmate    0.66
alignWindowsPerReadNmax           10000
alignTranscriptsPerWindowNmax     100
alignEndsType                     Local
alignSoftClipAtReferenceEnds      Yes
chimSegmentMin                    0
chimScoreMin                      0
chimScoreDropMax                  20
chimScoreSeparation               10
chimScoreJunctionNonGTAG          -1
chimJunctionOverhangMin           20
chimOutType                       SeparateSAMold
chimFilter                        banGenomicN   
chimSegmentReadGapMax             0
sjdbFileChrStartEnd               -   
sjdbGTFfile                       -
sjdbGTFchrPrefix                  -
sjdbGTFfeatureExon                exon
sjdbGTFtagExonParentTranscript    transcript_id
sjdbGTFtagExonParentGene          gene_id
sjdbOverhang                      100
sjdbScore                         2
sjdbInsertSave                    Basic
quantMode                         -   
quantTranscriptomeBAMcompression    1
quantTranscriptomeBan             IndelSoftclipSingleend
twopass1readsN                    18446744073709551615
twopassMode                       None
##### Command Line:
STAR --genomeDir /share/data/compgen2016/day45_Intro2Seq_VarCalling/genomes/H.Sapiens/b37_hl/index/star/NoGTF --readFilesIn /share/data/compgen2016/day45_Intro2Seq_VarCalling/Labs/1_Intro2BashScripting/data/testTiny_R1.fastq.gz /share/data/compgen2016/day45_Intro2Seq_VarCalling/Labs/1_Intro2BashScripting/da --readFilesCommand gzcat
##### Initial USER parameters from Command Line:
###### All USER parameters from Command Line:
genomeDir                     /share/data/compgen2016/day45_Intro2Seq_VarCalling/genomes/H.Sapiens/b37_hl/index/star/NoGTF     ~RE-DEFINED
readFilesIn                   /share/data/compgen2016/day45_Intro2Seq_VarCalling/Labs/1_Intro2BashScripting/data/testTiny_R1.fastq.gz   /share/data/compgen2016/day45_Intro2Seq_VarCalling/Labs/1_Intro2BashScripting/da        ~RE-DEFINED
readFilesCommand              gzcat        ~RE-DEFINED
##### Finished reading parameters from all sources

##### Final user re-defined parameters-----------------:
genomeDir                         /share/data/compgen2016/day45_Intro2Seq_VarCalling/genomes/H.Sapiens/b37_hl/index/star/NoGTF
readFilesIn                       /share/data/compgen2016/day45_Intro2Seq_VarCalling/Labs/1_Intro2BashScripting/data/testTiny_R1.fastq.gz   /share/data/compgen2016/day45_Intro2Seq_VarCalling/Labs/1_Intro2BashScripting/da   
readFilesCommand                  gzcat   

-------------------------------
##### Final effective command line:
STAR   --genomeDir /share/data/compgen2016/day45_Intro2Seq_VarCalling/genomes/H.Sapiens/b37_hl/index/star/NoGTF   --readFilesIn /share/data/compgen2016/day45_Intro2Seq_VarCalling/Labs/1_Intro2BashScripting/data/testTiny_R1.fastq.gz   /share/data/compgen2016/day45_Intro2Seq_VarCalling/Labs/1_Intro2BashScripting/da      --readFilesCommand gzcat   

##### Final parameters after user input--------------------------------:
versionSTAR                       20201
versionGenome                     20101   20200   
parametersFiles                   -   
sysShell                          -
runMode                           alignReads
runThreadN                        1
runDirPerm                        User_RWX
runRNGseed                        777
genomeDir                         /share/data/compgen2016/day45_Intro2Seq_VarCalling/genomes/H.Sapiens/b37_hl/index/star/NoGTF
genomeLoad                        NoSharedMemory
genomeFastaFiles                  -   
genomeSAindexNbases               14
genomeChrBinNbits                 18
genomeSAsparseD                   1
genomeSuffixLengthMax             18446744073709551615
readFilesIn                       /share/data/compgen2016/day45_Intro2Seq_VarCalling/Labs/1_Intro2BashScripting/data/testTiny_R1.fastq.gz   /share/data/compgen2016/day45_Intro2Seq_VarCalling/Labs/1_Intro2BashScripting/da   
readFilesCommand                  gzcat   
readMatesLengthsIn                NotEqual
readMapNumber                     18446744073709551615
readNameSeparator                 /   
inputBAMfile                      -
bamRemoveDuplicatesType           -
bamRemoveDuplicatesMate2basesN    0
limitGenomeGenerateRAM            31000000000
limitIObufferSize                 150000000
limitOutSAMoneReadBytes           100000
limitOutSJcollapsed               1000000
limitOutSJoneRead                 1000
limitBAMsortRAM                   0
limitSjdbInsertNsj                1000000
outFileNamePrefix                 ./
outTmpDir                         -
outStd                            Log
outReadsUnmapped                  None
outQSconversionAdd                0
outMultimapperOrder               Old_2.4
outSAMtype                        SAM   
outSAMmode                        Full
outSAMstrandField                 None
outSAMattributes                  Standard   
outSAMunmapped                    None   
outSAMorder                       Paired
outSAMprimaryFlag                 OneBestScore
outSAMreadID                      Standard
outSAMmapqUnique                  255
outSAMflagOR                      0
outSAMflagAND                     65535
outSAMattrRGline                  -   
outSAMheaderHD                    -   
outSAMheaderPG                    -   
outSAMheaderCommentFile           -
outBAMcompression                 1
outBAMsortingThreadN              0
outSAMfilter                      None   
outSAMmultNmax                    18446744073709551615
outSAMattrIHstart                 1
outSJfilterReads                  All
outSJfilterCountUniqueMin         3   1   1   1   
outSJfilterCountTotalMin          3   1   1   1   
outSJfilterOverhangMin            30   12   12   12   
outSJfilterDistToOtherSJmin       10   0   5   10   
outSJfilterIntronMaxVsReadN       50000   100000   200000   
outWigType                        None   
outWigStrand                      Stranded   
outWigReferencesPrefix            -
outWigNorm                        RPM   
outFilterType                     Normal
outFilterMultimapNmax             10
outFilterMultimapScoreRange       1
outFilterScoreMin                 0
outFilterScoreMinOverLread        0.66
outFilterMatchNmin                0
outFilterMatchNminOverLread       0.66
outFilterMismatchNmax             10
outFilterMismatchNoverLmax        0.3
outFilterMismatchNoverReadLmax    1
outFilterIntronMotifs             None
clip5pNbases                      0   
clip3pNbases                      0   
clip3pAfterAdapterNbases          0   
clip3pAdapterSeq                  -   
clip3pAdapterMMp                  0.1   
winBinNbits                       16
winAnchorDistNbins                9
winFlankNbins                     4
winAnchorMultimapNmax             50
scoreGap                          0
scoreGapNoncan                    -8
scoreGapGCAG                      -4
scoreGapATAC                      -8
scoreStitchSJshift                1
scoreGenomicLengthLog2scale       -0.25
scoreDelBase                      -2
scoreDelOpen                      -2
scoreInsOpen                      -2
scoreInsBase                      -2
seedSearchLmax                    0
seedSearchStartLmax               50
seedSearchStartLmaxOverLread      1
seedPerReadNmax                   1000
seedPerWindowNmax                 50
seedNoneLociPerWindow             10
seedMultimapNmax                  10000
alignIntronMin                    21
alignIntronMax                    0
alignMatesGapMax                  0
alignTranscriptsPerReadNmax       10000
alignSJoverhangMin                5
alignSJDBoverhangMin              3
alignSJstitchMismatchNmax         0   -1   0   0   
alignSplicedMateMapLmin           0
alignSplicedMateMapLminOverLmate    0.66
alignWindowsPerReadNmax           10000
alignTranscriptsPerWindowNmax     100
alignEndsType                     Local
alignSoftClipAtReferenceEnds      Yes
chimSegmentMin                    0
chimScoreMin                      0
chimScoreDropMax                  20
chimScoreSeparation               10
chimScoreJunctionNonGTAG          -1
chimJunctionOverhangMin           20
chimOutType                       SeparateSAMold
chimFilter                        banGenomicN   
chimSegmentReadGapMax             0
sjdbFileChrStartEnd               -   
sjdbGTFfile                       -
sjdbGTFchrPrefix                  -
sjdbGTFfeatureExon                exon
sjdbGTFtagExonParentTranscript    transcript_id
sjdbGTFtagExonParentGene          gene_id
sjdbOverhang                      100
sjdbScore                         2
sjdbInsertSave                    Basic
quantMode                         -   
quantTranscriptomeBAMcompression    1
quantTranscriptomeBan             IndelSoftclipSingleend
twopass1readsN                    18446744073709551615
twopassMode                       None
----------------------------------------


   Input read files for mate 1, from input string /share/data/compgen2016/day45_Intro2Seq_VarCalling/Labs/1_Intro2BashScripting/data/testTiny_R1.fastq.gz
-rw-r--r--  1 socci  staff  332950 Sep 14 10:59 /share/data/compgen2016/day45_Intro2Seq_VarCalling/Labs/1_Intro2BashScripting/data/testTiny_R1.fastq.gz

   readsCommandsFile:
exec > "./_STARtmp/tmp.fifo.read1"
echo FILE 0
gzcat      "/share/data/compgen2016/day45_Intro2Seq_VarCalling/Labs/1_Intro2BashScripting/data/testTiny_R1.fastq.gz"


   Input read files for mate 2, from input string /share/data/compgen2016/day45_Intro2Seq_VarCalling/Labs/1_Intro2BashScripting/da
ls: /share/data/compgen2016/day45_Intro2Seq_VarCalling/Labs/1_Intro2BashScripting/da: No such file or directory

   readsCommandsFile:
exec > "./_STARtmp/tmp.fifo.read2"
echo FILE 0
gzcat      "/share/data/compgen2016/day45_Intro2Seq_VarCalling/Labs/1_Intro2BashScripting/da"

Finished loading and checking parameters
Reading genome generation parameters:
versionGenome                 20201        ~RE-DEFINED
genomeFastaFiles              ../../b37_hl.fa        ~RE-DEFINED
genomeSAindexNbases           14     ~RE-DEFINED
genomeChrBinNbits             18     ~RE-DEFINED
genomeSAsparseD               1     ~RE-DEFINED
sjdbOverhang                  0     ~RE-DEFINED
sjdbFileChrStartEnd           -        ~RE-DEFINED
sjdbGTFfile                   -     ~RE-DEFINED
sjdbGTFchrPrefix              -     ~RE-DEFINED
sjdbGTFfeatureExon            exon     ~RE-DEFINED
sjdbGTFtagExonParentTranscripttranscript_id     ~RE-DEFINED
sjdbGTFtagExonParentGene      gene_id     ~RE-DEFINED
sjdbInsertSave                Basic     ~RE-DEFINED
Genome version is compatible with current STAR version
Number of real (reference) chromosmes= 4
1	4	191154276	0
2	7	159138663	191365120
3	12	133851895	350748672
4	17	81195210	484704256
Started loading the genome: Wed Sep 14 11:33:36 2016

checking Genome sizefile size: 565968896 bytes; state: good=1 eof=0 fail=0 bad=0
checking SA sizefile size: 4548158525 bytes; state: good=1 eof=0 fail=0 bad=0
checking /SAindex sizefile size: 1565873619 bytes; state: good=1 eof=0 fail=0 bad=0
Read from SAindex: genomeSAindexNbases=14  nSAi=357913940
nGenome=565968896;  nSAbyte=4548158525
GstrandBit=32   SA number of indices=1102583884
Shared memory is not used for genomes. Allocated a private copy of the genome.
Genome file size: 565968896 bytes; state: good=1 eof=0 fail=0 bad=0
Loading Genome ... done! state: good=1 eof=0 fail=0 bad=0; loaded 565968896 bytes
SA file size: 4548158525 bytes; state: good=1 eof=0 fail=0 bad=0
Loading SA ... done! state: good=1 eof=0 fail=0 bad=0; loaded 4548158525 bytes
Loading SAindex ... done: 1565873619 bytes
Finished loading the genome: Wed Sep 14 11:33:42 2016

Sum of all Genome bytes: 886439946
Sum of all SA bytes: 524592876609
Sum of all SAi bytes: 175008866310
alignIntronMax=alignMatesGapMax=0, the max intron size will be approximately determined by (2^winBinNbits)*winAnchorDistNbins=589824
Starting to map file # 0
mate 1:   /share/data/compgen2016/day45_Intro2Seq_VarCalling/Labs/1_Intro2BashScripting/data/testTiny_R1.fastq.gz
mate 2:   /share/data/compgen2016/day45_Intro2Seq_VarCalling/Labs/1_Intro2BashScripting/da

EXITING because of FATAL ERROR: Read1 and Read2 are not consistent, reached the end of the one before the other one
SOLUTION: Check you your input files: they may be corrupted

Sep 14 11:33:46 ...... FATAL ERROR, exiting
